<?xml version="1.0" encoding="UTF-8"?>
<!-- Generated by org.testng.reporters.JUnitReportReporter -->
<testsuite hostname="Sanket-PC" failures="0" tests="1" name="DataDriven.Testing.WriteToExcel" time="4.471" errors="0" timestamp="2024-02-27T13:58:07 IST" skipped="0">
  <testcase classname="DataDriven.Testing.WriteToExcel" name="Login" time="4.471"/>
  <system-out/>
</testsuite> <!-- DataDriven.Testing.WriteToExcel -->
