<?xml version="1.0" encoding="UTF-8"?>
<!-- Generated by org.testng.reporters.JUnitReportReporter -->
<testsuite hostname="Sanket-PC" failures="0" tests="1" name="DataDriven.Testing.ReadExcel" time="5.297" errors="0" timestamp="2024-02-27T12:55:58 IST" skipped="0">
  <testcase classname="DataDriven.Testing.ReadExcel" name="Login" time="5.297"/>
  <system-out/>
</testsuite> <!-- DataDriven.Testing.ReadExcel -->
